[0.008s] Invoking command in '/home/nisar/agrobot-Gazebo/ros2-exp/yellow_bot/dev_ws/src/two_wheeled_robot/build/two_wheeled_robot': /usr/bin/cmake /home/nisar/agrobot-Gazebo/ros2-exp/yellow_bot/dev_ws/src/two_wheeled_robot -DCMAKE_INSTALL_PREFIX=/home/nisar/agrobot-Gazebo/ros2-exp/yellow_bot/dev_ws/src/two_wheeled_robot/install/two_wheeled_robot
[0.115s] -- The C compiler identification is GNU 9.4.0
[0.197s] -- The CXX compiler identification is GNU 9.4.0
[0.204s] -- Check for working C compiler: /usr/bin/cc
[0.276s] -- Check for working C compiler: /usr/bin/cc -- works
[0.277s] -- Detecting C compiler ABI info
[0.364s] -- Detecting C compiler ABI info - done
[0.376s] -- Detecting C compile features
[0.377s] -- Detecting C compile features - done
[0.379s] -- Check for working CXX compiler: /usr/bin/c++
[0.453s] -- Check for working CXX compiler: /usr/bin/c++ -- works
[0.455s] -- Detecting CXX compiler ABI info
[0.532s] -- Detecting CXX compiler ABI info - done
[0.545s] -- Detecting CXX compile features
[0.545s] -- Detecting CXX compile features - done
[0.553s] CMake Error at CMakeLists.txt:19 (find_package):
[0.553s]   By not providing "Findament_cmake.cmake" in CMAKE_MODULE_PATH this project
[0.553s]   has asked CMake to find a package configuration file provided by
[0.553s]   "ament_cmake", but CMake did not find one.
[0.553s] 
[0.553s]   Could not find a package configuration file provided by "ament_cmake" with
[0.553s]   any of the following names:
[0.553s] 
[0.553s]     ament_cmakeConfig.cmake
[0.553s]     ament_cmake-config.cmake
[0.553s] 
[0.553s]   Add the installation prefix of "ament_cmake" to CMAKE_PREFIX_PATH or set
[0.553s]   "ament_cmake_DIR" to a directory containing one of the above files.  If
[0.553s]   "ament_cmake" provides a separate development package or SDK, be sure it
[0.553s]   has been installed.
[0.553s] 
[0.554s] 
[0.554s] -- Configuring incomplete, errors occurred!
[0.554s] See also "/home/nisar/agrobot-Gazebo/ros2-exp/yellow_bot/dev_ws/src/two_wheeled_robot/build/two_wheeled_robot/CMakeFiles/CMakeOutput.log".
[0.555s] Invoked command in '/home/nisar/agrobot-Gazebo/ros2-exp/yellow_bot/dev_ws/src/two_wheeled_robot/build/two_wheeled_robot' returned '1': /usr/bin/cmake /home/nisar/agrobot-Gazebo/ros2-exp/yellow_bot/dev_ws/src/two_wheeled_robot -DCMAKE_INSTALL_PREFIX=/home/nisar/agrobot-Gazebo/ros2-exp/yellow_bot/dev_ws/src/two_wheeled_robot/install/two_wheeled_robot
