[0.277s] DEBUG:colcon:Command line arguments: ['/usr/bin/colcon', 'build']
[0.277s] DEBUG:colcon:Parsed command line arguments: Namespace(allow_overriding=[], ament_cmake_args=None, base_paths=['.'], build_base='build', catkin_cmake_args=None, catkin_skip_building_tests=False, cmake_args=None, cmake_clean_cache=False, cmake_clean_first=False, cmake_force_configure=False, cmake_target=None, cmake_target_skip_unavailable=False, continue_on_error=False, event_handlers=None, executor='parallel', ignore_user_meta=False, install_base='install', log_base=None, log_level=None, main=<bound method BuildVerb.main of <colcon_core.verb.build.BuildVerb object at 0x7f2f4fb342e0>>, merge_install=False, metas=['./colcon.meta'], packages_above=None, packages_above_and_dependencies=None, packages_above_depth=None, packages_end=None, packages_ignore=None, packages_ignore_regex=None, packages_select=None, packages_select_build_failed=False, packages_select_by_dep=None, packages_select_regex=None, packages_select_test_failures=False, packages_skip=None, packages_skip_build_finished=False, packages_skip_by_dep=None, packages_skip_regex=None, packages_skip_test_passed=False, packages_skip_up_to=None, packages_start=None, packages_up_to=None, packages_up_to_regex=None, parallel_workers=16, paths=None, symlink_install=False, test_result_base=None, verb_extension=<colcon_core.verb.build.BuildVerb object at 0x7f2f4fb342e0>, verb_name='build', verb_parser=<colcon_defaults.argument_parser.defaults.DefaultArgumentsDecorator object at 0x7f2f4fb34820>)
[0.302s] Level 1:colcon.colcon_core.package_discovery:discover_packages(colcon_meta) check parameters
[0.302s] Level 1:colcon.colcon_core.package_discovery:discover_packages(recursive) check parameters
[0.302s] Level 1:colcon.colcon_core.package_discovery:discover_packages(ignore) check parameters
[0.302s] Level 1:colcon.colcon_core.package_discovery:discover_packages(path) check parameters
[0.302s] Level 1:colcon.colcon_core.package_discovery:discover_packages(colcon_meta) discover
[0.302s] Level 1:colcon.colcon_core.package_discovery:discover_packages(recursive) discover
[0.302s] INFO:colcon.colcon_core.package_discovery:Crawling recursively for packages in '/home/nisar/agrobot-Gazebo/ros2-exp/yellow_bot/dev_ws/src/two_wheeled_robot'
[0.302s] Level 1:colcon.colcon_core.package_identification:_identify(.) by extensions ['ignore', 'ignore_ament_install']
[0.303s] Level 1:colcon.colcon_core.package_identification:_identify(.) by extension 'ignore'
[0.303s] Level 1:colcon.colcon_core.package_identification:_identify(.) by extension 'ignore_ament_install'
[0.303s] Level 1:colcon.colcon_core.package_identification:_identify(.) by extensions ['colcon_pkg']
[0.303s] Level 1:colcon.colcon_core.package_identification:_identify(.) by extension 'colcon_pkg'
[0.303s] Level 1:colcon.colcon_core.package_identification:_identify(.) by extensions ['colcon_meta']
[0.303s] Level 1:colcon.colcon_core.package_identification:_identify(.) by extension 'colcon_meta'
[0.303s] Level 1:colcon.colcon_core.package_identification:_identify(.) by extensions ['ros']
[0.303s] Level 1:colcon.colcon_core.package_identification:_identify(.) by extension 'ros'
[0.317s] DEBUG:colcon.colcon_core.package_identification:Package '.' with type 'ros.ament_cmake' and name 'two_wheeled_robot'
[0.317s] Level 1:colcon.colcon_core.package_discovery:discover_packages(recursive) using defaults
[0.317s] Level 1:colcon.colcon_core.package_discovery:discover_packages(ignore) discover
[0.317s] Level 1:colcon.colcon_core.package_discovery:discover_packages(ignore) using defaults
[0.317s] Level 1:colcon.colcon_core.package_discovery:discover_packages(path) discover
[0.317s] Level 1:colcon.colcon_core.package_discovery:discover_packages(path) using defaults
[0.333s] Level 1:colcon.colcon_core.package_discovery:discover_packages(prefix_path) check parameters
[0.333s] Level 1:colcon.colcon_core.package_discovery:discover_packages(prefix_path) discover
[0.334s] Level 1:colcon.colcon_core.package_discovery:discover_packages(prefix_path) using defaults
[0.336s] Level 5:colcon.colcon_core.verb:set package 'two_wheeled_robot' build argument 'cmake_args' from command line to 'None'
[0.336s] Level 5:colcon.colcon_core.verb:set package 'two_wheeled_robot' build argument 'cmake_target' from command line to 'None'
[0.336s] Level 5:colcon.colcon_core.verb:set package 'two_wheeled_robot' build argument 'cmake_target_skip_unavailable' from command line to 'False'
[0.336s] Level 5:colcon.colcon_core.verb:set package 'two_wheeled_robot' build argument 'cmake_clean_cache' from command line to 'False'
[0.336s] Level 5:colcon.colcon_core.verb:set package 'two_wheeled_robot' build argument 'cmake_clean_first' from command line to 'False'
[0.336s] Level 5:colcon.colcon_core.verb:set package 'two_wheeled_robot' build argument 'cmake_force_configure' from command line to 'False'
[0.336s] Level 5:colcon.colcon_core.verb:set package 'two_wheeled_robot' build argument 'ament_cmake_args' from command line to 'None'
[0.336s] Level 5:colcon.colcon_core.verb:set package 'two_wheeled_robot' build argument 'catkin_cmake_args' from command line to 'None'
[0.336s] Level 5:colcon.colcon_core.verb:set package 'two_wheeled_robot' build argument 'catkin_skip_building_tests' from command line to 'False'
[0.336s] DEBUG:colcon.colcon_core.verb:Building package 'two_wheeled_robot' with the following arguments: {'ament_cmake_args': None, 'build_base': '/home/nisar/agrobot-Gazebo/ros2-exp/yellow_bot/dev_ws/src/two_wheeled_robot/build/two_wheeled_robot', 'catkin_cmake_args': None, 'catkin_skip_building_tests': False, 'cmake_args': None, 'cmake_clean_cache': False, 'cmake_clean_first': False, 'cmake_force_configure': False, 'cmake_target': None, 'cmake_target_skip_unavailable': False, 'install_base': '/home/nisar/agrobot-Gazebo/ros2-exp/yellow_bot/dev_ws/src/two_wheeled_robot/install/two_wheeled_robot', 'merge_install': False, 'path': '/home/nisar/agrobot-Gazebo/ros2-exp/yellow_bot/dev_ws/src/two_wheeled_robot', 'symlink_install': False, 'test_result_base': None}
[0.336s] INFO:colcon.colcon_core.executor:Executing jobs using 'parallel' executor
[0.339s] DEBUG:colcon.colcon_parallel_executor.executor.parallel:run_until_complete
[0.339s] INFO:colcon.colcon_ros.task.ament_cmake.build:Building ROS package in '/home/nisar/agrobot-Gazebo/ros2-exp/yellow_bot/dev_ws/src/two_wheeled_robot' with build type 'ament_cmake'
[0.339s] INFO:colcon.colcon_cmake.task.cmake.build:Building CMake package in '/home/nisar/agrobot-Gazebo/ros2-exp/yellow_bot/dev_ws/src/two_wheeled_robot'
[0.343s] INFO:colcon.colcon_core.plugin_system:Skipping extension 'colcon_core.shell.bat': Not used on non-Windows systems
[0.344s] INFO:colcon.colcon_core.shell:Skip shell extension 'powershell' for command environment: Not usable outside of PowerShell
[0.344s] DEBUG:colcon.colcon_core.shell:Skip shell extension 'dsv' for command environment
[0.347s] DEBUG:colcon.colcon_core.event_handler.log_command:Invoking command in '/home/nisar/agrobot-Gazebo/ros2-exp/yellow_bot/dev_ws/src/two_wheeled_robot/build/two_wheeled_robot': /usr/bin/cmake /home/nisar/agrobot-Gazebo/ros2-exp/yellow_bot/dev_ws/src/two_wheeled_robot -DCMAKE_INSTALL_PREFIX=/home/nisar/agrobot-Gazebo/ros2-exp/yellow_bot/dev_ws/src/two_wheeled_robot/install/two_wheeled_robot
[0.894s] DEBUG:colcon.colcon_core.event_handler.log_command:Invoked command in '/home/nisar/agrobot-Gazebo/ros2-exp/yellow_bot/dev_ws/src/two_wheeled_robot/build/two_wheeled_robot' returned '1': /usr/bin/cmake /home/nisar/agrobot-Gazebo/ros2-exp/yellow_bot/dev_ws/src/two_wheeled_robot -DCMAKE_INSTALL_PREFIX=/home/nisar/agrobot-Gazebo/ros2-exp/yellow_bot/dev_ws/src/two_wheeled_robot/install/two_wheeled_robot
[0.909s] Level 1:colcon.colcon_core.environment:create_environment_scripts_only(two_wheeled_robot)
[0.921s] Level 1:colcon.colcon_core.environment:checking '/home/nisar/agrobot-Gazebo/ros2-exp/yellow_bot/dev_ws/src/two_wheeled_robot/install/two_wheeled_robot' for CMake module files
[0.921s] Level 1:colcon.colcon_core.environment:checking '/home/nisar/agrobot-Gazebo/ros2-exp/yellow_bot/dev_ws/src/two_wheeled_robot/install/two_wheeled_robot' for CMake config files
[0.922s] Level 1:colcon.colcon_core.environment:checking '/home/nisar/agrobot-Gazebo/ros2-exp/yellow_bot/dev_ws/src/two_wheeled_robot/install/two_wheeled_robot/bin'
[0.922s] Level 1:colcon.colcon_core.environment:checking '/home/nisar/agrobot-Gazebo/ros2-exp/yellow_bot/dev_ws/src/two_wheeled_robot/install/two_wheeled_robot/lib/pkgconfig/two_wheeled_robot.pc'
[0.922s] Level 1:colcon.colcon_core.environment:checking '/home/nisar/agrobot-Gazebo/ros2-exp/yellow_bot/dev_ws/src/two_wheeled_robot/install/two_wheeled_robot/lib/python3.8/site-packages'
[0.922s] Level 1:colcon.colcon_core.environment:checking '/home/nisar/agrobot-Gazebo/ros2-exp/yellow_bot/dev_ws/src/two_wheeled_robot/install/two_wheeled_robot/bin'
[0.923s] INFO:colcon.colcon_core.shell:Creating package script '/home/nisar/agrobot-Gazebo/ros2-exp/yellow_bot/dev_ws/src/two_wheeled_robot/install/two_wheeled_robot/share/two_wheeled_robot/package.ps1'
[0.924s] INFO:colcon.colcon_core.shell:Creating package descriptor '/home/nisar/agrobot-Gazebo/ros2-exp/yellow_bot/dev_ws/src/two_wheeled_robot/install/two_wheeled_robot/share/two_wheeled_robot/package.dsv'
[0.924s] INFO:colcon.colcon_core.shell:Creating package script '/home/nisar/agrobot-Gazebo/ros2-exp/yellow_bot/dev_ws/src/two_wheeled_robot/install/two_wheeled_robot/share/two_wheeled_robot/package.sh'
[0.925s] INFO:colcon.colcon_core.shell:Creating package script '/home/nisar/agrobot-Gazebo/ros2-exp/yellow_bot/dev_ws/src/two_wheeled_robot/install/two_wheeled_robot/share/two_wheeled_robot/package.bash'
[0.925s] INFO:colcon.colcon_core.shell:Creating package script '/home/nisar/agrobot-Gazebo/ros2-exp/yellow_bot/dev_ws/src/two_wheeled_robot/install/two_wheeled_robot/share/two_wheeled_robot/package.zsh'
[0.926s] Level 1:colcon.colcon_core.environment:create_file_with_runtime_dependencies(/home/nisar/agrobot-Gazebo/ros2-exp/yellow_bot/dev_ws/src/two_wheeled_robot/install/two_wheeled_robot/share/colcon-core/packages/two_wheeled_robot)
[0.936s] DEBUG:colcon.colcon_parallel_executor.executor.parallel:closing loop
[0.937s] DEBUG:colcon.colcon_parallel_executor.executor.parallel:loop closed
[0.937s] DEBUG:colcon.colcon_parallel_executor.executor.parallel:run_until_complete finished with '1'
[0.937s] DEBUG:colcon.colcon_core.event_reactor:joining thread
[0.947s] INFO:colcon.colcon_core.plugin_system:Skipping extension 'colcon_notification.desktop_notification.terminal_notifier': Not used on non-Darwin systems
[0.947s] INFO:colcon.colcon_core.plugin_system:Skipping extension 'colcon_notification.desktop_notification.win32': Not used on non-Windows systems
[0.948s] INFO:colcon.colcon_notification.desktop_notification:Sending desktop notification using 'notify2'
[0.964s] DEBUG:colcon.colcon_core.event_reactor:joined thread
[0.965s] INFO:colcon.colcon_core.shell:Creating prefix script '/home/nisar/agrobot-Gazebo/ros2-exp/yellow_bot/dev_ws/src/two_wheeled_robot/install/local_setup.ps1'
[0.966s] INFO:colcon.colcon_core.shell:Creating prefix util module '/home/nisar/agrobot-Gazebo/ros2-exp/yellow_bot/dev_ws/src/two_wheeled_robot/install/_local_setup_util_ps1.py'
[0.967s] INFO:colcon.colcon_core.shell:Creating prefix chain script '/home/nisar/agrobot-Gazebo/ros2-exp/yellow_bot/dev_ws/src/two_wheeled_robot/install/setup.ps1'
[0.968s] INFO:colcon.colcon_core.shell:Creating prefix script '/home/nisar/agrobot-Gazebo/ros2-exp/yellow_bot/dev_ws/src/two_wheeled_robot/install/local_setup.sh'
[0.968s] INFO:colcon.colcon_core.shell:Creating prefix util module '/home/nisar/agrobot-Gazebo/ros2-exp/yellow_bot/dev_ws/src/two_wheeled_robot/install/_local_setup_util_sh.py'
[0.969s] INFO:colcon.colcon_core.shell:Creating prefix chain script '/home/nisar/agrobot-Gazebo/ros2-exp/yellow_bot/dev_ws/src/two_wheeled_robot/install/setup.sh'
[0.971s] INFO:colcon.colcon_core.shell:Creating prefix script '/home/nisar/agrobot-Gazebo/ros2-exp/yellow_bot/dev_ws/src/two_wheeled_robot/install/local_setup.bash'
[0.972s] INFO:colcon.colcon_core.shell:Creating prefix chain script '/home/nisar/agrobot-Gazebo/ros2-exp/yellow_bot/dev_ws/src/two_wheeled_robot/install/setup.bash'
[0.974s] INFO:colcon.colcon_core.shell:Creating prefix script '/home/nisar/agrobot-Gazebo/ros2-exp/yellow_bot/dev_ws/src/two_wheeled_robot/install/local_setup.zsh'
[0.975s] INFO:colcon.colcon_core.shell:Creating prefix chain script '/home/nisar/agrobot-Gazebo/ros2-exp/yellow_bot/dev_ws/src/two_wheeled_robot/install/setup.zsh'
